{"level":"info","message":"GET /api/accounts","timestamp":"2024-07-19T15:03:34.978Z"}
{"level":"info","message":"GET /favicon.ico","timestamp":"2024-07-19T15:03:35.359Z"}
{"level":"info","message":"GET /api-doc","timestamp":"2024-07-19T15:03:44.726Z"}
{"level":"info","message":"POST /api/auth/register","timestamp":"2024-07-20T14:13:50.416Z"}
{"level":"info","message":"POST /api/auth/register","timestamp":"2024-07-20T14:14:41.880Z"}
{"level":"info","message":"POST /api/auth/register","timestamp":"2024-07-20T14:16:42.046Z"}
{"level":"info","message":"POST /api/auth/register","timestamp":"2024-07-20T14:22:25.281Z"}
{"level":"info","message":"POST /api/auth/login","timestamp":"2024-07-20T14:23:20.582Z"}
{"level":"info","message":"POST /api/auth/login","timestamp":"2024-07-20T14:45:32.052Z"}
{"level":"info","message":"POST /api/auth/login","timestamp":"2024-07-20T14:47:00.220Z"}
{"level":"info","message":"POST /api/auth/login","timestamp":"2024-07-20T14:50:01.724Z"}
{"level":"info","message":"GET /api/auth/me","timestamp":"2024-07-20T14:50:21.733Z"}
{"level":"info","message":"GET /api/auth/me","timestamp":"2024-07-20T14:50:21.741Z"}
{"level":"info","message":"GET /api/auth/me","timestamp":"2024-07-20T14:51:23.339Z"}
{"level":"info","message":"GET /api/auth/me","timestamp":"2024-07-20T14:51:23.349Z"}
{"level":"info","message":"GET /api/auth/me","timestamp":"2024-07-20T14:51:32.327Z"}
{"level":"info","message":"GET /api/auth/me","timestamp":"2024-07-20T14:51:32.346Z"}
{"level":"info","message":"GET /api/auth/me","timestamp":"2024-07-20T14:51:41.055Z"}
{"level":"info","message":"GET /api/auth/me","timestamp":"2024-07-20T14:51:41.066Z"}
{"level":"info","message":"GET /api/auth/me","timestamp":"2024-07-20T14:51:42.322Z"}
{"level":"info","message":"GET /api/auth/me","timestamp":"2024-07-20T14:51:42.345Z"}
{"level":"info","message":"GET /api/auth/me","timestamp":"2024-07-20T14:51:45.638Z"}
{"level":"info","message":"GET /api/auth/me","timestamp":"2024-07-20T14:51:45.705Z"}
{"level":"info","message":"GET /api/auth/me","timestamp":"2024-07-20T14:51:46.789Z"}
{"level":"info","message":"GET /api/auth/me","timestamp":"2024-07-20T14:51:46.808Z"}
{"level":"info","message":"GET /api/auth/me","timestamp":"2024-07-20T14:52:26.048Z"}
{"level":"info","message":"GET /api/auth/me","timestamp":"2024-07-20T14:52:26.092Z"}
{"level":"info","message":"GET /api/auth/me","timestamp":"2024-07-20T14:57:59.771Z"}
{"level":"info","message":"GET /api/auth/me","timestamp":"2024-07-20T14:59:56.549Z"}
{"level":"info","message":"GET /api/auth/me","timestamp":"2024-07-20T14:59:56.659Z"}
{"level":"info","message":"GET /api/auth/me","timestamp":"2024-07-20T15:02:30.769Z"}
{"level":"info","message":"GET /api/auth/me","timestamp":"2024-07-20T15:02:32.762Z"}
{"level":"info","message":"GET /api/auth/me","timestamp":"2024-07-20T15:02:41.813Z"}
{"level":"info","message":"GET /api/auth/me","timestamp":"2024-07-20T15:02:47.610Z"}
{"level":"info","message":"GET /api/auth/me","timestamp":"2024-07-20T15:02:47.626Z"}
{"level":"info","message":"GET /api/auth/me","timestamp":"2024-07-20T15:02:58.815Z"}
{"level":"info","message":"GET /api/auth/me","timestamp":"2024-07-20T15:03:10.812Z"}
{"level":"info","message":"GET /api/auth/me","timestamp":"2024-07-20T15:03:11.775Z"}
{"level":"info","message":"GET /api/auth/me","timestamp":"2024-07-20T15:03:13.760Z"}
{"level":"info","message":"GET /api/auth/me","timestamp":"2024-07-20T15:03:48.461Z"}
{"level":"info","message":"GET /api/auth/me","timestamp":"2024-07-20T15:03:48.540Z"}
{"level":"info","message":"GET /api/auth/me","timestamp":"2024-07-20T15:04:47.469Z"}
{"level":"info","message":"GET /api/auth/me","timestamp":"2024-07-20T15:06:39.768Z"}
{"level":"info","message":"GET /api/auth/me","timestamp":"2024-07-20T15:06:54.436Z"}
{"level":"info","message":"GET /api/auth/me","timestamp":"2024-07-20T15:06:54.458Z"}
{"level":"info","message":"GET /api/auth/me","timestamp":"2024-07-20T15:09:08.770Z"}
{"level":"info","message":"GET /api/auth/me","timestamp":"2024-07-20T15:11:48.550Z"}
{"level":"info","message":"GET /api/auth/me","timestamp":"2024-07-20T15:11:48.577Z"}
{"level":"info","message":"GET /api/auth/me","timestamp":"2024-07-20T15:11:55.352Z"}
{"level":"info","message":"GET /api/auth/me","timestamp":"2024-07-20T15:11:55.388Z"}
{"level":"info","message":"GET /api/auth/me","timestamp":"2024-07-20T15:12:02.359Z"}
{"level":"info","message":"GET /api/auth/me","timestamp":"2024-07-20T15:12:02.405Z"}
{"level":"info","message":"GET /api/auth/me","timestamp":"2024-07-20T15:12:03.684Z"}
{"level":"info","message":"GET /api/auth/me","timestamp":"2024-07-20T15:12:03.710Z"}
{"level":"info","message":"GET /api/auth/me","timestamp":"2024-07-20T15:12:18.228Z"}
{"level":"info","message":"GET /api/auth/me","timestamp":"2024-07-20T15:12:18.242Z"}
{"level":"info","message":"GET /api/auth/me","timestamp":"2024-07-20T15:12:24.348Z"}
{"level":"info","message":"GET /api/auth/me","timestamp":"2024-07-20T15:12:24.370Z"}
{"level":"info","message":"GET /api/auth/me","timestamp":"2024-07-20T15:13:15.037Z"}
{"level":"info","message":"GET /api/auth/me","timestamp":"2024-07-20T15:13:15.146Z"}
{"level":"info","message":"GET /api/auth/me","timestamp":"2024-07-20T15:14:26.763Z"}
{"level":"info","message":"GET /api/auth/me","timestamp":"2024-07-20T15:14:26.774Z"}
{"level":"info","message":"GET /api/auth/me","timestamp":"2024-07-20T15:20:57.865Z"}
{"level":"info","message":"GET /api/auth/me","timestamp":"2024-07-20T15:20:58.182Z"}
{"level":"info","message":"GET /api/auth/me","timestamp":"2024-07-20T15:21:23.772Z"}
{"level":"info","message":"GET /api/auth/me","timestamp":"2024-07-20T15:21:32.767Z"}
{"level":"info","message":"GET /api/auth/me","timestamp":"2024-07-20T15:21:39.696Z"}
{"level":"info","message":"GET /api/auth/me","timestamp":"2024-07-20T15:21:39.707Z"}
{"level":"info","message":"GET /api/auth/me","timestamp":"2024-07-20T15:21:40.724Z"}
{"level":"info","message":"GET /api/auth/me","timestamp":"2024-07-20T15:21:40.731Z"}
{"level":"info","message":"GET /api/auth/me","timestamp":"2024-07-20T15:26:24.750Z"}
{"level":"info","message":"GET /api/auth/me","timestamp":"2024-07-20T15:26:31.799Z"}
{"level":"info","message":"GET /api/auth/me","timestamp":"2024-07-20T15:26:31.806Z"}
{"level":"info","message":"GET /api/auth/me","timestamp":"2024-07-20T15:30:47.755Z"}
{"level":"info","message":"GET /api/auth/me","timestamp":"2024-07-20T15:31:04.694Z"}
{"level":"info","message":"GET /api/auth/me","timestamp":"2024-07-20T15:31:04.729Z"}
{"level":"info","message":"GET /api/auth/me","timestamp":"2024-07-20T15:45:40.754Z"}
{"level":"info","message":"POST /api/auth/login","timestamp":"2024-07-20T15:58:47.887Z"}
{"level":"info","message":"GET /api/auth/me","timestamp":"2024-07-20T15:58:53.016Z"}
{"level":"info","message":"GET /api/auth/me","timestamp":"2024-07-20T15:58:53.068Z"}
{"level":"info","message":"POST /api/auth/login","timestamp":"2024-07-20T15:59:01.126Z"}
{"level":"info","message":"GET /api/auth/me","timestamp":"2024-07-20T15:59:12.608Z"}
{"level":"info","message":"GET /api/auth/me","timestamp":"2024-07-20T15:59:12.638Z"}
